<?xml version="1.0" encoding="UTF-8"?>
<testsuite xmlns:xsi="http://www.w3.org/2001/XMLSchema-instance" xsi:noNamespaceSchemaLocation="https://maven.apache.org/surefire/maven-surefire-plugin/xsd/surefire-test-report.xsd" version="3.0.2" name="com.example.semproject.UserServiceTest" time="6.211" tests="3" errors="1" skipped="0" failures="0">
  <properties>
[...]
</properties>
  <testcase name="testAddUser_Success" classname="com.example.semproject.UserServiceTest" time="5.926">
    <error message="Cannot invoke &quot;org.springframework.mail.javamail.JavaMailSender.createMimeMessage()&quot; because &quot;this.mailSender&quot; is null" type="java.lang.NullPointerException"><![CDATA[java.lang.NullPointerException: Cannot invoke "org.springframework.mail.javamail.JavaMailSender.createMimeMessage()" because "this.mailSender" is null
	at com.example.semproject.UserService.UserServices.sendOtpEmail(UserServices.java:80)
	at com.example.semproject.UserService.UserServices.addUser(UserServices.java:69)
	at com.example.semproject.UserServiceTest.testAddUser_Success(UserSeviceTest.java:41)
	at java.base/java.lang.reflect.Method.invoke(Method.java:580)
	at java.base/java.util.ArrayList.forEach(ArrayList.java:1597)
	at java.base/java.util.ArrayList.forEach(ArrayList.java:1597)
]]></error>
    <system-out><![CDATA[Received username: john_doe
PasswordEncoder class: org.springframework.security.crypto.password.PasswordEncoder$MockitoMock$ZhkhMRyW
Saving user to the database: john_doe
]]></system-out>
  </testcase>
  <testcase name="testAddUser_UsernameExists" classname="com.example.semproject.UserServiceTest" time="0.203">
    <system-out><![CDATA[Received username: john_doe
]]></system-out>
  </testcase>
  <testcase name="testAddUser_EmailExists" classname="com.example.semproject.UserServiceTest" time="0.061">
    <system-out><![CDATA[Received username: john_doe
]]></system-out>
  </testcase>
</testsuite>